# JRE version: OpenJDK Runtime Environment Temurin-21.0.8+9 (21.0.8+9) (build 21.0.8+9-LTS)
# Java VM: OpenJDK 64-Bit Server VM Temurin-21.0.8+9 (21.0.8+9-LTS, mixed mode, sharing, tiered, compressed oops, compressed class ptrs, parallel gc, bsd-amd64)
Heap:
 PSYoungGen      total 8192K, used 1091K [0x00000007d5580000, 0x00000007d6100000, 0x0000000800000000)
  eden space 7680K, 8% used [0x00000007d5580000,0x00000007d5628e30,0x00000007d5d00000)
  from space 512K, 81% used [0x00000007d6080000,0x00000007d60e8000,0x00000007d6100000)
  to   space 1024K, 0% used [0x00000007d5f00000,0x00000007d5f00000,0x00000007d6000000)
 ParOldGen       total 167936K, used 167611K [0x0000000780000000, 0x000000078a400000, 0x00000007d5580000)
  object space 167936K, 99% used [0x0000000780000000,0x000000078a3aee68,0x000000078a400000)
 Metaspace       used 68160K, committed 69760K, reserved 1114112K
  class space    used 7385K, committed 8064K, reserved 1048576K
GC Heap History (20 events):
Event: 66.493 GC heap before
{Heap before GC invocations=68 (full 3):
 PSYoungGen      total 12288K, used 11870K [0x00000007d5580000, 0x00000007d6580000, 0x0000000800000000)
  eden space 10752K, 100% used [0x00000007d5580000,0x00000007d6000000,0x00000007d6000000)
  from space 1536K, 72% used [0x00000007d6400000,0x00000007d6517aa0,0x00000007d6580000)
  to   space 1536K, 0% used [0x00000007d6280000,0x00000007d6280000,0x00000007d6400000)
 ParOldGen       total 161280K, used 160937K [0x0000000780000000, 0x0000000789d80000, 0x00000007d5580000)
  object space 161280K, 99% used [0x0000000780000000,0x0000000789d2a4d8,0x0000000789d80000)
 Metaspace       used 62660K, committed 64064K, reserved 1114112K
  class space    used 6875K, committed 7488K, reserved 1048576K
}
Event: 66.507 GC heap after
{Heap after GC invocations=68 (full 3):
 PSYoungGen      total 11776K, used 841K [0x00000007d5580000, 0x00000007d6480000, 0x0000000800000000)
  eden space 10752K, 0% used [0x00000007d5580000,0x00000007d5580000,0x00000007d6000000)
  from space 1024K, 82% used [0x00000007d6280000,0x00000007d63527d8,0x00000007d6380000)
  to   space 1024K, 0% used [0x00000007d6380000,0x00000007d6380000,0x00000007d6480000)
 ParOldGen       total 161280K, used 160969K [0x0000000780000000, 0x0000000789d80000, 0x00000007d5580000)
  object space 161280K, 99% used [0x0000000780000000,0x0000000789d324d8,0x0000000789d80000)
 Metaspace       used 62660K, committed 64064K, reserved 1114112K
  class space    used 6875K, committed 7488K, reserved 1048576K
}
Event: 66.771 GC heap before
{Heap before GC invocations=69 (full 3):
 PSYoungGen      total 11776K, used 11593K [0x00000007d5580000, 0x00000007d6480000, 0x0000000800000000)
  eden space 10752K, 100% used [0x00000007d5580000,0x00000007d6000000,0x00000007d6000000)
  from space 1024K, 82% used [0x00000007d6280000,0x00000007d63527d8,0x00000007d6380000)
  to   space 1024K, 0% used [0x00000007d6380000,0x00000007d6380000,0x00000007d6480000)
 ParOldGen       total 161280K, used 160969K [0x0000000780000000, 0x0000000789d80000, 0x00000007d5580000)
  object space 161280K, 99% used [0x0000000780000000,0x0000000789d324d8,0x0000000789d80000)
 Metaspace       used 63186K, committed 64576K, reserved 1114112K
  class space    used 6917K, committed 7488K, reserved 1048576K
}
Event: 66.772 GC heap after
{Heap after GC invocations=69 (full 3):
 PSYoungGen      total 11264K, used 128K [0x00000007d5580000, 0x00000007d6400000, 0x0000000800000000)
  eden space 10752K, 0% used [0x00000007d5580000,0x00000007d5580000,0x00000007d6000000)
  from space 512K, 25% used [0x00000007d6380000,0x00000007d63a0000,0x00000007d6400000)
  to   space 512K, 0% used [0x00000007d6300000,0x00000007d6300000,0x00000007d6380000)
 ParOldGen       total 161280K, used 160985K [0x0000000780000000, 0x0000000789d80000, 0x00000007d5580000)
  object space 161280K, 99% used [0x0000000780000000,0x0000000789d364d8,0x0000000789d80000)
 Metaspace       used 63186K, committed 64576K, reserved 1114112K
  class space    used 6917K, committed 7488K, reserved 1048576K
}
Event: 67.346 GC heap before
{Heap before GC invocations=70 (full 3):
 PSYoungGen      total 11264K, used 10880K [0x00000007d5580000, 0x00000007d6400000, 0x0000000800000000)
  eden space 10752K, 100% used [0x00000007d5580000,0x00000007d6000000,0x00000007d6000000)
  from space 512K, 25% used [0x00000007d6380000,0x00000007d63a0000,0x00000007d6400000)
  to   space 512K, 0% used [0x00000007d6300000,0x00000007d6300000,0x00000007d6380000)
 ParOldGen       total 161280K, used 160985K [0x0000000780000000, 0x0000000789d80000, 0x00000007d5580000)
  object space 161280K, 99% used [0x0000000780000000,0x0000000789d364d8,0x0000000789d80000)
 Metaspace       used 64418K, committed 65984K, reserved 1114112K
  class space    used 7039K, committed 7680K, reserved 1048576K
}
Event: 67.348 GC heap after
{Heap after GC invocations=70 (full 3):
 PSYoungGen      total 11264K, used 352K [0x00000007d5580000, 0x00000007d6400000, 0x0000000800000000)
  eden space 10752K, 0% used [0x00000007d5580000,0x00000007d5580000,0x00000007d6000000)
  from space 512K, 68% used [0x00000007d6300000,0x00000007d6358020,0x00000007d6380000)
  to   space 512K, 0% used [0x00000007d6380000,0x00000007d6380000,0x00000007d6400000)
 ParOldGen       total 161280K, used 161033K [0x0000000780000000, 0x0000000789d80000, 0x00000007d5580000)
  object space 161280K, 99% used [0x0000000780000000,0x0000000789d424d8,0x0000000789d80000)
 Metaspace       used 64418K, committed 65984K, reserved 1114112K
  class space    used 7039K, committed 7680K, reserved 1048576K
}
Event: 67.610 GC heap before
{Heap before GC invocations=71 (full 3):
 PSYoungGen      total 11264K, used 11068K [0x00000007d5580000, 0x00000007d6400000, 0x0000000800000000)
  eden space 10752K, 99% used [0x00000007d5580000,0x00000007d5ff72f8,0x00000007d6000000)
  from space 512K, 68% used [0x00000007d6300000,0x00000007d6358020,0x00000007d6380000)
  to   space 512K, 0% used [0x00000007d6380000,0x00000007d6380000,0x00000007d6400000)
 ParOldGen       total 161280K, used 161033K [0x0000000780000000, 0x0000000789d80000, 0x00000007d5580000)
  object space 161280K, 99% used [0x0000000780000000,0x0000000789d424d8,0x0000000789d80000)
 Metaspace       used 65373K, committed 66880K, reserved 1114112K
  class space    used 7124K, committed 7744K, reserved 1048576K
}
Event: 67.614 GC heap after
{Heap after GC invocations=71 (full 3):
 PSYoungGen      total 11264K, used 511K [0x00000007d5580000, 0x00000007d6400000, 0x0000000800000000)
  eden space 10752K, 0% used [0x00000007d5580000,0x00000007d5580000,0x00000007d6000000)
  from space 512K, 99% used [0x00000007d6380000,0x00000007d63ffcf8,0x00000007d6400000)
  to   space 1536K, 0% used [0x00000007d6100000,0x00000007d6100000,0x00000007d6280000)
 ParOldGen       total 161792K, used 161577K [0x0000000780000000, 0x0000000789e00000, 0x00000007d5580000)
  object space 161792K, 99% used [0x0000000780000000,0x0000000789dca508,0x0000000789e00000)
 Metaspace       used 65373K, committed 66880K, reserved 1114112K
  class space    used 7124K, committed 7744K, reserved 1048576K
}
Event: 68.072 GC heap before
{Heap before GC invocations=72 (full 3):
 PSYoungGen      total 11264K, used 11263K [0x00000007d5580000, 0x00000007d6400000, 0x0000000800000000)
  eden space 10752K, 100% used [0x00000007d5580000,0x00000007d6000000,0x00000007d6000000)
  from space 512K, 99% used [0x00000007d6380000,0x00000007d63ffcf8,0x00000007d6400000)
  to   space 1536K, 0% used [0x00000007d6100000,0x00000007d6100000,0x00000007d6280000)
 ParOldGen       total 161792K, used 161577K [0x0000000780000000, 0x0000000789e00000, 0x00000007d5580000)
  object space 161792K, 99% used [0x0000000780000000,0x0000000789dca508,0x0000000789e00000)
 Metaspace       used 65792K, committed 67328K, reserved 1114112K
  class space    used 7160K, committed 7808K, reserved 1048576K
}
Event: 68.088 GC heap after
{Heap after GC invocations=72 (full 3):
 PSYoungGen      total 12288K, used 1507K [0x00000007d5580000, 0x00000007d6500000, 0x0000000800000000)
  eden space 10752K, 0% used [0x00000007d5580000,0x00000007d5580000,0x00000007d6000000)
  from space 1536K, 98% used [0x00000007d6100000,0x00000007d6278d28,0x00000007d6280000)
  to   space 2560K, 0% used [0x00000007d6280000,0x00000007d6280000,0x00000007d6500000)
 ParOldGen       total 162816K, used 162331K [0x0000000780000000, 0x0000000789f00000, 0x00000007d5580000)
  object space 162816K, 99% used [0x0000000780000000,0x0000000789e86f80,0x0000000789f00000)
 Metaspace       used 65792K, committed 67328K, reserved 1114112K
  class space    used 7160K, committed 7808K, reserved 1048576K
}
Event: 68.634 GC heap before
{Heap before GC invocations=73 (full 3):
 PSYoungGen      total 12288K, used 12259K [0x00000007d5580000, 0x00000007d6500000, 0x0000000800000000)
  eden space 10752K, 100% used [0x00000007d5580000,0x00000007d6000000,0x00000007d6000000)
  from space 1536K, 98% used [0x00000007d6100000,0x00000007d6278d28,0x00000007d6280000)
  to   space 2560K, 0% used [0x00000007d6280000,0x00000007d6280000,0x00000007d6500000)
 ParOldGen       total 162816K, used 162331K [0x0000000780000000, 0x0000000789f00000, 0x00000007d5580000)
  object space 162816K, 99% used [0x0000000780000000,0x0000000789e86f80,0x0000000789f00000)
 Metaspace       used 66315K, committed 67840K, reserved 1114112K
  class space    used 7216K, committed 7872K, reserved 1048576K
}
Event: 68.650 GC heap after
{Heap after GC invocations=73 (full 3):
 PSYoungGen      total 11776K, used 672K [0x00000007d5580000, 0x00000007d6380000, 0x0000000800000000)
  eden space 10752K, 0% used [0x00000007d5580000,0x00000007d5580000,0x00000007d6000000)
  from space 1024K, 65% used [0x00000007d6280000,0x00000007d6328000,0x00000007d6380000)
  to   space 1536K, 0% used [0x00000007d6080000,0x00000007d6080000,0x00000007d6200000)
 ParOldGen       total 163328K, used 162823K [0x0000000780000000, 0x0000000789f80000, 0x00000007d5580000)
  object space 163328K, 99% used [0x0000000780000000,0x0000000789f01c10,0x0000000789f80000)
 Metaspace       used 66315K, committed 67840K, reserved 1114112K
  class space    used 7216K, committed 7872K, reserved 1048576K
}
Event: 68.931 GC heap before
{Heap before GC invocations=74 (full 3):
 PSYoungGen      total 11776K, used 11424K [0x00000007d5580000, 0x00000007d6380000, 0x0000000800000000)
  eden space 10752K, 100% used [0x00000007d5580000,0x00000007d6000000,0x00000007d6000000)
  from space 1024K, 65% used [0x00000007d6280000,0x00000007d6328000,0x00000007d6380000)
  to   space 1536K, 0% used [0x00000007d6080000,0x00000007d6080000,0x00000007d6200000)
 ParOldGen       total 163328K, used 162823K [0x0000000780000000, 0x0000000789f80000, 0x00000007d5580000)
  object space 163328K, 99% used [0x0000000780000000,0x0000000789f01c10,0x0000000789f80000)
 Metaspace       used 66701K, committed 68160K, reserved 1114112K
  class space    used 7245K, committed 7872K, reserved 1048576K
}
Event: 68.933 GC heap after
{Heap after GC invocations=74 (full 3):
 PSYoungGen      total 12288K, used 440K [0x00000007d5580000, 0x00000007d6300000, 0x0000000800000000)
  eden space 10752K, 0% used [0x00000007d5580000,0x00000007d5580000,0x00000007d6000000)
  from space 1536K, 28% used [0x00000007d6080000,0x00000007d60ee1a8,0x00000007d6200000)
  to   space 1024K, 0% used [0x00000007d6200000,0x00000007d6200000,0x00000007d6300000)
 ParOldGen       total 163840K, used 163397K [0x0000000780000000, 0x000000078a000000, 0x00000007d5580000)
  object space 163840K, 99% used [0x0000000780000000,0x0000000789f91518,0x000000078a000000)
 Metaspace       used 66701K, committed 68160K, reserved 1114112K
  class space    used 7245K, committed 7872K, reserved 1048576K
}
Event: 69.236 GC heap before
{Heap before GC invocations=75 (full 3):
 PSYoungGen      total 12288K, used 11192K [0x00000007d5580000, 0x00000007d6300000, 0x0000000800000000)
  eden space 10752K, 100% used [0x00000007d5580000,0x00000007d6000000,0x00000007d6000000)
  from space 1536K, 28% used [0x00000007d6080000,0x00000007d60ee1a8,0x00000007d6200000)
  to   space 1024K, 0% used [0x00000007d6200000,0x00000007d6200000,0x00000007d6300000)
 ParOldGen       total 163840K, used 163397K [0x0000000780000000, 0x000000078a000000, 0x00000007d5580000)
  object space 163840K, 99% used [0x0000000780000000,0x0000000789f91518,0x000000078a000000)
 Metaspace       used 66942K, committed 68416K, reserved 1114112K
  class space    used 7266K, committed 7872K, reserved 1048576K
}
Event: 69.250 GC heap after
{Heap after GC invocations=75 (full 3):
 PSYoungGen      total 8704K, used 1000K [0x00000007d5580000, 0x00000007d6a00000, 0x0000000800000000)
  eden space 7680K, 0% used [0x00000007d5580000,0x00000007d5580000,0x00000007d5d00000)
  from space 1024K, 97% used [0x00000007d6200000,0x00000007d62fa0f0,0x00000007d6300000)
  to   space 5120K, 0% used [0x00000007d5d00000,0x00000007d5d00000,0x00000007d6200000)
 ParOldGen       total 166912K, used 166671K [0x0000000780000000, 0x000000078a300000, 0x00000007d5580000)
  object space 166912K, 99% used [0x0000000780000000,0x000000078a2c3f88,0x000000078a300000)
 Metaspace       used 66942K, committed 68416K, reserved 1114112K
  class space    used 7266K, committed 7872K, reserved 1048576K
}
Event: 69.673 GC heap before
{Heap before GC invocations=76 (full 3):
 PSYoungGen      total 8704K, used 8680K [0x00000007d5580000, 0x00000007d6a00000, 0x0000000800000000)
  eden space 7680K, 100% used [0x00000007d5580000,0x00000007d5d00000,0x00000007d5d00000)
  from space 1024K, 97% used [0x00000007d6200000,0x00000007d62fa0f0,0x00000007d6300000)
  to   space 5120K, 0% used [0x00000007d5d00000,0x00000007d5d00000,0x00000007d6200000)
 ParOldGen       total 166912K, used 166671K [0x0000000780000000, 0x000000078a300000, 0x00000007d5580000)
  object space 166912K, 99% used [0x0000000780000000,0x000000078a2c3f88,0x000000078a300000)
 Metaspace       used 67360K, committed 68864K, reserved 1114112K
  class space    used 7318K, committed 8000K, reserved 1048576K
}
Event: 69.688 GC heap after
{Heap after GC invocations=76 (full 3):
 PSYoungGen      total 8192K, used 256K [0x00000007d5580000, 0x00000007d6280000, 0x0000000800000000)
  eden space 7680K, 0% used [0x00000007d5580000,0x00000007d5580000,0x00000007d5d00000)
  from space 512K, 50% used [0x00000007d5d00000,0x00000007d5d40000,0x00000007d5d80000)
  to   space 2048K, 0% used [0x00000007d6080000,0x00000007d6080000,0x00000007d6280000)
 ParOldGen       total 167424K, used 167395K [0x0000000780000000, 0x000000078a380000, 0x00000007d5580000)
  object space 167424K, 99% used [0x0000000780000000,0x000000078a378e68,0x000000078a380000)
 Metaspace       used 67360K, committed 68864K, reserved 1114112K
  class space    used 7318K, committed 8000K, reserved 1048576K
}
Event: 70.416 GC heap before
{Heap before GC invocations=77 (full 3):
 PSYoungGen      total 8192K, used 7936K [0x00000007d5580000, 0x00000007d6280000, 0x0000000800000000)
  eden space 7680K, 100% used [0x00000007d5580000,0x00000007d5d00000,0x00000007d5d00000)
  from space 512K, 50% used [0x00000007d5d00000,0x00000007d5d40000,0x00000007d5d80000)
  to   space 2048K, 0% used [0x00000007d6080000,0x00000007d6080000,0x00000007d6280000)
 ParOldGen       total 167424K, used 167395K [0x0000000780000000, 0x000000078a380000, 0x00000007d5580000)
  object space 167424K, 99% used [0x0000000780000000,0x000000078a378e68,0x000000078a380000)
 Metaspace       used 67838K, committed 69440K, reserved 1114112K
  class space    used 7374K, committed 8064K, reserved 1048576K
}
Event: 70.430 GC heap after
{Heap after GC invocations=77 (full 3):
 PSYoungGen      total 8192K, used 416K [0x00000007d5580000, 0x00000007d6100000, 0x0000000800000000)
  eden space 7680K, 0% used [0x00000007d5580000,0x00000007d5580000,0x00000007d5d00000)
  from space 512K, 81% used [0x00000007d6080000,0x00000007d60e8000,0x00000007d6100000)
  to   space 1024K, 0% used [0x00000007d5f00000,0x00000007d5f00000,0x00000007d6000000)
 ParOldGen       total 167936K, used 167611K [0x0000000780000000, 0x000000078a400000, 0x00000007d5580000)
  object space 167936K, 99% used [0x0000000780000000,0x000000078a3aee68,0x000000078a400000)
 Metaspace       used 67838K, committed 69440K, reserved 1114112K
  class space    used 7374K, committed 8064K, reserved 1048576K
}

