# JRE version: OpenJDK Runtime Environment Temurin-21.0.7+6 (21.0.7+6) (build 21.0.7+6-LTS)
# Java VM: OpenJDK 64-Bit Server VM Temurin-21.0.7+6 (21.0.7+6-LTS, mixed mode, sharing, tiered, compressed oops, compressed class ptrs, parallel gc, bsd-amd64)
Heap:
 PSYoungGen      total 5120K, used 3526K [0x00000007d5580000, 0x00000007d5b80000, 0x0000000800000000)
  eden space 3584K, 76% used [0x00000007d5580000,0x00000007d5829ca8,0x00000007d5900000)
  from space 1536K, 52% used [0x00000007d5a00000,0x00000007d5ac7d18,0x00000007d5b80000)
  to   space 1024K, 0% used [0x00000007d5900000,0x00000007d5900000,0x00000007d5a00000)
 ParOldGen       total 201728K, used 201220K [0x0000000780000000, 0x000000078c500000, 0x00000007d5580000)
  object space 201728K, 99% used [0x0000000780000000,0x000000078c481168,0x000000078c500000)
 Metaspace       used 62692K, committed 64064K, reserved 1114112K
  class space    used 6660K, committed 7232K, reserved 1048576K
GC Heap History (20 events):
Event: 88.362 GC heap after
{Heap after GC invocations=175 (full 3):
 PSYoungGen      total 4608K, used 944K [0x00000007d5580000, 0x00000007d5c00000, 0x0000000800000000)
  eden space 3584K, 0% used [0x00000007d5580000,0x00000007d5580000,0x00000007d5900000)
  from space 1024K, 92% used [0x00000007d5a00000,0x00000007d5aec2d0,0x00000007d5b00000)
  to   space 1024K, 0% used [0x00000007d5900000,0x00000007d5900000,0x00000007d5a00000)
 ParOldGen       total 189440K, used 189113K [0x0000000780000000, 0x000000078b900000, 0x00000007d5580000)
  object space 189440K, 99% used [0x0000000780000000,0x000000078b8ae6f8,0x000000078b900000)
 Metaspace       used 62692K, committed 64064K, reserved 1114112K
  class space    used 6660K, committed 7232K, reserved 1048576K
}
Event: 88.462 GC heap before
{Heap before GC invocations=176 (full 3):
 PSYoungGen      total 4608K, used 4528K [0x00000007d5580000, 0x00000007d5c00000, 0x0000000800000000)
  eden space 3584K, 100% used [0x00000007d5580000,0x00000007d5900000,0x00000007d5900000)
  from space 1024K, 92% used [0x00000007d5a00000,0x00000007d5aec2d0,0x00000007d5b00000)
  to   space 1024K, 0% used [0x00000007d5900000,0x00000007d5900000,0x00000007d5a00000)
 ParOldGen       total 189440K, used 189113K [0x0000000780000000, 0x000000078b900000, 0x00000007d5580000)
  object space 189440K, 99% used [0x0000000780000000,0x000000078b8ae6f8,0x000000078b900000)
 Metaspace       used 62692K, committed 64064K, reserved 1114112K
  class space    used 6660K, committed 7232K, reserved 1048576K
}
Event: 88.476 GC heap after
{Heap after GC invocations=176 (full 3):
 PSYoungGen      total 4608K, used 918K [0x00000007d5580000, 0x00000007d5c00000, 0x0000000800000000)
  eden space 3584K, 0% used [0x00000007d5580000,0x00000007d5580000,0x00000007d5900000)
  from space 1024K, 89% used [0x00000007d5900000,0x00000007d59e5a00,0x00000007d5a00000)
  to   space 1024K, 0% used [0x00000007d5b00000,0x00000007d5b00000,0x00000007d5c00000)
 ParOldGen       total 190464K, used 189971K [0x0000000780000000, 0x000000078ba00000, 0x00000007d5580000)
  object space 190464K, 99% used [0x0000000780000000,0x000000078b984d90,0x000000078ba00000)
 Metaspace       used 62692K, committed 64064K, reserved 1114112K
  class space    used 6660K, committed 7232K, reserved 1048576K
}
Event: 88.624 GC heap before
{Heap before GC invocations=177 (full 3):
 PSYoungGen      total 4608K, used 4502K [0x00000007d5580000, 0x00000007d5c00000, 0x0000000800000000)
  eden space 3584K, 100% used [0x00000007d5580000,0x00000007d5900000,0x00000007d5900000)
  from space 1024K, 89% used [0x00000007d5900000,0x00000007d59e5a00,0x00000007d5a00000)
  to   space 1024K, 0% used [0x00000007d5b00000,0x00000007d5b00000,0x00000007d5c00000)
 ParOldGen       total 190464K, used 189971K [0x0000000780000000, 0x000000078ba00000, 0x00000007d5580000)
  object space 190464K, 99% used [0x0000000780000000,0x000000078b984d90,0x000000078ba00000)
 Metaspace       used 62692K, committed 64064K, reserved 1114112K
  class space    used 6660K, committed 7232K, reserved 1048576K
}
Event: 88.627 GC heap after
{Heap after GC invocations=177 (full 3):
 PSYoungGen      total 4608K, used 924K [0x00000007d5580000, 0x00000007d5c00000, 0x0000000800000000)
  eden space 3584K, 0% used [0x00000007d5580000,0x00000007d5580000,0x00000007d5900000)
  from space 1024K, 90% used [0x00000007d5b00000,0x00000007d5be7078,0x00000007d5c00000)
  to   space 1024K, 0% used [0x00000007d5900000,0x00000007d5900000,0x00000007d5a00000)
 ParOldGen       total 190976K, used 190832K [0x0000000780000000, 0x000000078ba80000, 0x00000007d5580000)
  object space 190976K, 99% used [0x0000000780000000,0x000000078ba5c018,0x000000078ba80000)
 Metaspace       used 62692K, committed 64064K, reserved 1114112K
  class space    used 6660K, committed 7232K, reserved 1048576K
}
Event: 88.689 GC heap before
{Heap before GC invocations=178 (full 3):
 PSYoungGen      total 4608K, used 4490K [0x00000007d5580000, 0x00000007d5c00000, 0x0000000800000000)
  eden space 3584K, 99% used [0x00000007d5580000,0x00000007d58fbb78,0x00000007d5900000)
  from space 1024K, 90% used [0x00000007d5b00000,0x00000007d5be7078,0x00000007d5c00000)
  to   space 1024K, 0% used [0x00000007d5900000,0x00000007d5900000,0x00000007d5a00000)
 ParOldGen       total 190976K, used 190832K [0x0000000780000000, 0x000000078ba80000, 0x00000007d5580000)
  object space 190976K, 99% used [0x0000000780000000,0x000000078ba5c018,0x000000078ba80000)
 Metaspace       used 62692K, committed 64064K, reserved 1114112K
  class space    used 6660K, committed 7232K, reserved 1048576K
}
Event: 88.703 GC heap after
{Heap after GC invocations=178 (full 3):
 PSYoungGen      total 4608K, used 882K [0x00000007d5580000, 0x00000007d5b80000, 0x0000000800000000)
  eden space 3584K, 0% used [0x00000007d5580000,0x00000007d5580000,0x00000007d5900000)
  from space 1024K, 86% used [0x00000007d5900000,0x00000007d59dc878,0x00000007d5a00000)
  to   space 1024K, 0% used [0x00000007d5a80000,0x00000007d5a80000,0x00000007d5b80000)
 ParOldGen       total 192000K, used 191681K [0x0000000780000000, 0x000000078bb80000, 0x00000007d5580000)
  object space 192000K, 99% used [0x0000000780000000,0x000000078bb30440,0x000000078bb80000)
 Metaspace       used 62692K, committed 64064K, reserved 1114112K
  class space    used 6660K, committed 7232K, reserved 1048576K
}
Event: 88.754 GC heap before
{Heap before GC invocations=179 (full 3):
 PSYoungGen      total 4608K, used 4466K [0x00000007d5580000, 0x00000007d5b80000, 0x0000000800000000)
  eden space 3584K, 100% used [0x00000007d5580000,0x00000007d5900000,0x00000007d5900000)
  from space 1024K, 86% used [0x00000007d5900000,0x00000007d59dc878,0x00000007d5a00000)
  to   space 1024K, 0% used [0x00000007d5a80000,0x00000007d5a80000,0x00000007d5b80000)
 ParOldGen       total 192000K, used 191681K [0x0000000780000000, 0x000000078bb80000, 0x00000007d5580000)
  object space 192000K, 99% used [0x0000000780000000,0x000000078bb30440,0x000000078bb80000)
 Metaspace       used 62692K, committed 64064K, reserved 1114112K
  class space    used 6660K, committed 7232K, reserved 1048576K
}
Event: 88.768 GC heap after
{Heap after GC invocations=179 (full 3):
 PSYoungGen      total 4608K, used 942K [0x00000007d5580000, 0x00000007d5b80000, 0x0000000800000000)
  eden space 3584K, 0% used [0x00000007d5580000,0x00000007d5580000,0x00000007d5900000)
  from space 1024K, 92% used [0x00000007d5a80000,0x00000007d5b6b988,0x00000007d5b80000)
  to   space 1024K, 0% used [0x00000007d5900000,0x00000007d5900000,0x00000007d5a00000)
 ParOldGen       total 192512K, used 192454K [0x0000000780000000, 0x000000078bc00000, 0x00000007d5580000)
  object space 192512K, 99% used [0x0000000780000000,0x000000078bbf1ac8,0x000000078bc00000)
 Metaspace       used 62692K, committed 64064K, reserved 1114112K
  class space    used 6660K, committed 7232K, reserved 1048576K
}
Event: 88.812 GC heap before
{Heap before GC invocations=180 (full 3):
 PSYoungGen      total 4608K, used 4526K [0x00000007d5580000, 0x00000007d5b80000, 0x0000000800000000)
  eden space 3584K, 100% used [0x00000007d5580000,0x00000007d5900000,0x00000007d5900000)
  from space 1024K, 92% used [0x00000007d5a80000,0x00000007d5b6b988,0x00000007d5b80000)
  to   space 1024K, 0% used [0x00000007d5900000,0x00000007d5900000,0x00000007d5a00000)
 ParOldGen       total 192512K, used 192454K [0x0000000780000000, 0x000000078bc00000, 0x00000007d5580000)
  object space 192512K, 99% used [0x0000000780000000,0x000000078bbf1ac8,0x000000078bc00000)
 Metaspace       used 62692K, committed 64064K, reserved 1114112K
  class space    used 6660K, committed 7232K, reserved 1048576K
}
Event: 88.826 GC heap after
{Heap after GC invocations=180 (full 3):
 PSYoungGen      total 4608K, used 1012K [0x00000007d5580000, 0x00000007d5e00000, 0x0000000800000000)
  eden space 3584K, 0% used [0x00000007d5580000,0x00000007d5580000,0x00000007d5900000)
  from space 1024K, 98% used [0x00000007d5900000,0x00000007d59fd248,0x00000007d5a00000)
  to   space 2560K, 0% used [0x00000007d5b80000,0x00000007d5b80000,0x00000007d5e00000)
 ParOldGen       total 193536K, used 193362K [0x0000000780000000, 0x000000078bd00000, 0x00000007d5580000)
  object space 193536K, 99% used [0x0000000780000000,0x000000078bcd49d0,0x000000078bd00000)
 Metaspace       used 62692K, committed 64064K, reserved 1114112K
  class space    used 6660K, committed 7232K, reserved 1048576K
}
Event: 88.943 GC heap before
{Heap before GC invocations=181 (full 3):
 PSYoungGen      total 4608K, used 4596K [0x00000007d5580000, 0x00000007d5e00000, 0x0000000800000000)
  eden space 3584K, 99% used [0x00000007d5580000,0x00000007d58fffa0,0x00000007d5900000)
  from space 1024K, 98% used [0x00000007d5900000,0x00000007d59fd248,0x00000007d5a00000)
  to   space 2560K, 0% used [0x00000007d5b80000,0x00000007d5b80000,0x00000007d5e00000)
 ParOldGen       total 193536K, used 193362K [0x0000000780000000, 0x000000078bd00000, 0x00000007d5580000)
  object space 193536K, 99% used [0x0000000780000000,0x000000078bcd49d0,0x000000078bd00000)
 Metaspace       used 62692K, committed 64064K, reserved 1114112K
  class space    used 6660K, committed 7232K, reserved 1048576K
}
Event: 88.960 GC heap after
{Heap after GC invocations=181 (full 3):
 PSYoungGen      total 4608K, used 945K [0x00000007d5580000, 0x00000007d5c80000, 0x0000000800000000)
  eden space 3584K, 0% used [0x00000007d5580000,0x00000007d5580000,0x00000007d5900000)
  from space 1024K, 92% used [0x00000007d5b80000,0x00000007d5c6c720,0x00000007d5c80000)
  to   space 1536K, 0% used [0x00000007d5980000,0x00000007d5980000,0x00000007d5b00000)
 ParOldGen       total 194560K, used 194265K [0x0000000780000000, 0x000000078be00000, 0x00000007d5580000)
  object space 194560K, 99% used [0x0000000780000000,0x000000078bdb6610,0x000000078be00000)
 Metaspace       used 62692K, committed 64064K, reserved 1114112K
  class space    used 6660K, committed 7232K, reserved 1048576K
}
Event: 89.007 GC heap before
{Heap before GC invocations=182 (full 3):
 PSYoungGen      total 4608K, used 4529K [0x00000007d5580000, 0x00000007d5c80000, 0x0000000800000000)
  eden space 3584K, 100% used [0x00000007d5580000,0x00000007d5900000,0x00000007d5900000)
  from space 1024K, 92% used [0x00000007d5b80000,0x00000007d5c6c720,0x00000007d5c80000)
  to   space 1536K, 0% used [0x00000007d5980000,0x00000007d5980000,0x00000007d5b00000)
 ParOldGen       total 194560K, used 194265K [0x0000000780000000, 0x000000078be00000, 0x00000007d5580000)
  object space 194560K, 99% used [0x0000000780000000,0x000000078bdb6610,0x000000078be00000)
 Metaspace       used 62692K, committed 64064K, reserved 1114112K
  class space    used 6660K, committed 7232K, reserved 1048576K
}
Event: 89.022 GC heap after
{Heap after GC invocations=182 (full 3):
 PSYoungGen      total 5120K, used 959K [0x00000007d5580000, 0x00000007d5c00000, 0x0000000800000000)
  eden space 3584K, 0% used [0x00000007d5580000,0x00000007d5580000,0x00000007d5900000)
  from space 1536K, 62% used [0x00000007d5980000,0x00000007d5a6fc78,0x00000007d5b00000)
  to   space 1024K, 0% used [0x00000007d5b00000,0x00000007d5b00000,0x00000007d5c00000)
 ParOldGen       total 195584K, used 195152K [0x0000000780000000, 0x000000078bf00000, 0x00000007d5580000)
  object space 195584K, 99% used [0x0000000780000000,0x000000078be943e8,0x000000078bf00000)
 Metaspace       used 62692K, committed 64064K, reserved 1114112K
  class space    used 6660K, committed 7232K, reserved 1048576K
}
Event: 89.052 GC heap before
{Heap before GC invocations=183 (full 3):
 PSYoungGen      total 5120K, used 4543K [0x00000007d5580000, 0x00000007d5c00000, 0x0000000800000000)
  eden space 3584K, 100% used [0x00000007d5580000,0x00000007d5900000,0x00000007d5900000)
  from space 1536K, 62% used [0x00000007d5980000,0x00000007d5a6fc78,0x00000007d5b00000)
  to   space 1024K, 0% used [0x00000007d5b00000,0x00000007d5b00000,0x00000007d5c00000)
 ParOldGen       total 195584K, used 195152K [0x0000000780000000, 0x000000078bf00000, 0x00000007d5580000)
  object space 195584K, 99% used [0x0000000780000000,0x000000078be943e8,0x000000078bf00000)
 Metaspace       used 62692K, committed 64064K, reserved 1114112K
  class space    used 6660K, committed 7232K, reserved 1048576K
}
Event: 89.067 GC heap after
{Heap after GC invocations=183 (full 3):
 PSYoungGen      total 4096K, used 1002K [0x00000007d5580000, 0x00000007d5f00000, 0x0000000800000000)
  eden space 3072K, 0% used [0x00000007d5580000,0x00000007d5580000,0x00000007d5880000)
  from space 1024K, 97% used [0x00000007d5b00000,0x00000007d5bfaa80,0x00000007d5c00000)
  to   space 2560K, 0% used [0x00000007d5880000,0x00000007d5880000,0x00000007d5b00000)
 ParOldGen       total 196096K, used 196066K [0x0000000780000000, 0x000000078bf80000, 0x00000007d5580000)
  object space 196096K, 99% used [0x0000000780000000,0x000000078bf78940,0x000000078bf80000)
 Metaspace       used 62692K, committed 64064K, reserved 1114112K
  class space    used 6660K, committed 7232K, reserved 1048576K
}
Event: 89.204 GC heap before
{Heap before GC invocations=184 (full 3):
 PSYoungGen      total 4096K, used 4074K [0x00000007d5580000, 0x00000007d5f00000, 0x0000000800000000)
  eden space 3072K, 100% used [0x00000007d5580000,0x00000007d5880000,0x00000007d5880000)
  from space 1024K, 97% used [0x00000007d5b00000,0x00000007d5bfaa80,0x00000007d5c00000)
  to   space 2560K, 0% used [0x00000007d5880000,0x00000007d5880000,0x00000007d5b00000)
 ParOldGen       total 196096K, used 196066K [0x0000000780000000, 0x000000078bf80000, 0x00000007d5580000)
  object space 196096K, 99% used [0x0000000780000000,0x000000078bf78940,0x000000078bf80000)
 Metaspace       used 62692K, committed 64064K, reserved 1114112K
  class space    used 6660K, committed 7232K, reserved 1048576K
}
Event: 89.220 GC heap after
{Heap after GC invocations=184 (full 3):
 PSYoungGen      total 4096K, used 900K [0x00000007d5580000, 0x00000007d5b80000, 0x0000000800000000)
  eden space 3072K, 0% used [0x00000007d5580000,0x00000007d5580000,0x00000007d5880000)
  from space 1024K, 87% used [0x00000007d5880000,0x00000007d5961298,0x00000007d5980000)
  to   space 1536K, 0% used [0x00000007d5a00000,0x00000007d5a00000,0x00000007d5b80000)
 ParOldGen       total 197120K, used 196988K [0x0000000780000000, 0x000000078c080000, 0x00000007d5580000)
  object space 197120K, 99% used [0x0000000780000000,0x000000078c05f110,0x000000078c080000)
 Metaspace       used 62692K, committed 64064K, reserved 1114112K
  class space    used 6660K, committed 7232K, reserved 1048576K
}
Event: 89.268 GC heap before
{Heap before GC invocations=185 (full 3):
 PSYoungGen      total 4096K, used 3972K [0x00000007d5580000, 0x00000007d5b80000, 0x0000000800000000)
  eden space 3072K, 100% used [0x00000007d5580000,0x00000007d5880000,0x00000007d5880000)
  from space 1024K, 87% used [0x00000007d5880000,0x00000007d5961298,0x00000007d5980000)
  to   space 1536K, 0% used [0x00000007d5a00000,0x00000007d5a00000,0x00000007d5b80000)
 ParOldGen       total 197120K, used 196988K [0x0000000780000000, 0x000000078c080000, 0x00000007d5580000)
  object space 197120K, 99% used [0x0000000780000000,0x000000078c05f110,0x000000078c080000)
 Metaspace       used 62692K, committed 64064K, reserved 1114112K
  class space    used 6660K, committed 7232K, reserved 1048576K
}

