# JRE version: OpenJDK Runtime Environment Temurin-21.0.8+9 (21.0.8+9) (build 21.0.8+9-LTS)
# Java VM: OpenJDK 64-Bit Server VM Temurin-21.0.8+9 (21.0.8+9-LTS, mixed mode, sharing, tiered, compressed oops, compressed class ptrs, parallel gc, bsd-amd64)
Heap:
 PSYoungGen      total 6656K, used 3435K [0x00000007d5580000, 0x00000007d5f00000, 0x0000000800000000)
  eden space 6144K, 49% used [0x00000007d5580000,0x00000007d587aec8,0x00000007d5b80000)
  from space 512K, 75% used [0x00000007d5e80000,0x00000007d5ee0000,0x00000007d5f00000)
  to   space 1024K, 0% used [0x00000007d5d00000,0x00000007d5d00000,0x00000007d5e00000)
 ParOldGen       total 187392K, used 187249K [0x0000000780000000, 0x000000078b700000, 0x00000007d5580000)
  object space 187392K, 99% used [0x0000000780000000,0x000000078b6dc7a0,0x000000078b700000)
 Metaspace       used 71583K, committed 73088K, reserved 1114112K
  class space    used 7707K, committed 8320K, reserved 1048576K
GC Heap History (20 events):
Event: 147.844 GC heap before
{Heap before GC invocations=190 (full 3):
 PSYoungGen      total 9216K, used 9207K [0x00000007d5580000, 0x00000007d6000000, 0x0000000800000000)
  eden space 8704K, 100% used [0x00000007d5580000,0x00000007d5e00000,0x00000007d5e00000)
  from space 512K, 98% used [0x00000007d5f80000,0x00000007d5ffdc38,0x00000007d6000000)
  to   space 1024K, 0% used [0x00000007d5e00000,0x00000007d5e00000,0x00000007d5f00000)
 ParOldGen       total 174592K, used 174215K [0x0000000780000000, 0x000000078aa80000, 0x00000007d5580000)
  object space 174592K, 99% used [0x0000000780000000,0x000000078aa21c38,0x000000078aa80000)
 Metaspace       used 67953K, committed 69440K, reserved 1114112K
  class space    used 7352K, committed 8000K, reserved 1048576K
}
Event: 147.846 GC heap after
{Heap after GC invocations=190 (full 3):
 PSYoungGen      total 9728K, used 224K [0x00000007d5580000, 0x00000007d6000000, 0x0000000800000000)
  eden space 8704K, 0% used [0x00000007d5580000,0x00000007d5580000,0x00000007d5e00000)
  from space 1024K, 21% used [0x00000007d5e00000,0x00000007d5e38000,0x00000007d5f00000)
  to   space 512K, 0% used [0x00000007d5f80000,0x00000007d5f80000,0x00000007d6000000)
 ParOldGen       total 174592K, used 174311K [0x0000000780000000, 0x000000078aa80000, 0x00000007d5580000)
  object space 174592K, 99% used [0x0000000780000000,0x000000078aa39c38,0x000000078aa80000)
 Metaspace       used 67953K, committed 69440K, reserved 1114112K
  class space    used 7352K, committed 8000K, reserved 1048576K
}
Event: 148.473 GC heap before
{Heap before GC invocations=191 (full 3):
 PSYoungGen      total 9728K, used 8928K [0x00000007d5580000, 0x00000007d6000000, 0x0000000800000000)
  eden space 8704K, 100% used [0x00000007d5580000,0x00000007d5e00000,0x00000007d5e00000)
  from space 1024K, 21% used [0x00000007d5e00000,0x00000007d5e38000,0x00000007d5f00000)
  to   space 512K, 0% used [0x00000007d5f80000,0x00000007d5f80000,0x00000007d6000000)
 ParOldGen       total 174592K, used 174311K [0x0000000780000000, 0x000000078aa80000, 0x00000007d5580000)
  object space 174592K, 99% used [0x0000000780000000,0x000000078aa39c38,0x000000078aa80000)
 Metaspace       used 68946K, committed 70400K, reserved 1114112K
  class space    used 7437K, committed 8064K, reserved 1048576K
}
Event: 148.476 GC heap after
{Heap after GC invocations=191 (full 3):
 PSYoungGen      total 9216K, used 448K [0x00000007d5580000, 0x00000007d6000000, 0x0000000800000000)
  eden space 8704K, 0% used [0x00000007d5580000,0x00000007d5580000,0x00000007d5e00000)
  from space 512K, 87% used [0x00000007d5f80000,0x00000007d5ff0040,0x00000007d6000000)
  to   space 512K, 0% used [0x00000007d5f00000,0x00000007d5f00000,0x00000007d5f80000)
 ParOldGen       total 174592K, used 174431K [0x0000000780000000, 0x000000078aa80000, 0x00000007d5580000)
  object space 174592K, 99% used [0x0000000780000000,0x000000078aa57c38,0x000000078aa80000)
 Metaspace       used 68946K, committed 70400K, reserved 1114112K
  class space    used 7437K, committed 8064K, reserved 1048576K
}
Event: 148.869 GC heap before
{Heap before GC invocations=192 (full 3):
 PSYoungGen      total 9216K, used 9152K [0x00000007d5580000, 0x00000007d6000000, 0x0000000800000000)
  eden space 8704K, 100% used [0x00000007d5580000,0x00000007d5e00000,0x00000007d5e00000)
  from space 512K, 87% used [0x00000007d5f80000,0x00000007d5ff0040,0x00000007d6000000)
  to   space 512K, 0% used [0x00000007d5f00000,0x00000007d5f00000,0x00000007d5f80000)
 ParOldGen       total 174592K, used 174431K [0x0000000780000000, 0x000000078aa80000, 0x00000007d5580000)
  object space 174592K, 99% used [0x0000000780000000,0x000000078aa57c38,0x000000078aa80000)
 Metaspace       used 69420K, committed 70912K, reserved 1114112K
  class space    used 7486K, committed 8128K, reserved 1048576K
}
Event: 148.872 GC heap after
{Heap after GC invocations=192 (full 3):
 PSYoungGen      total 9216K, used 511K [0x00000007d5580000, 0x00000007d6200000, 0x0000000800000000)
  eden space 8704K, 0% used [0x00000007d5580000,0x00000007d5580000,0x00000007d5e00000)
  from space 512K, 99% used [0x00000007d5f00000,0x00000007d5f7fc18,0x00000007d5f80000)
  to   space 2048K, 0% used [0x00000007d6000000,0x00000007d6000000,0x00000007d6200000)
 ParOldGen       total 175616K, used 175354K [0x0000000780000000, 0x000000078ab80000, 0x00000007d5580000)
  object space 175616K, 99% used [0x0000000780000000,0x000000078ab3eb50,0x000000078ab80000)
 Metaspace       used 69420K, committed 70912K, reserved 1114112K
  class space    used 7486K, committed 8128K, reserved 1048576K
}
Event: 149.554 GC heap before
{Heap before GC invocations=193 (full 3):
 PSYoungGen      total 9216K, used 9215K [0x00000007d5580000, 0x00000007d6200000, 0x0000000800000000)
  eden space 8704K, 100% used [0x00000007d5580000,0x00000007d5e00000,0x00000007d5e00000)
  from space 512K, 99% used [0x00000007d5f00000,0x00000007d5f7fc18,0x00000007d5f80000)
  to   space 2048K, 0% used [0x00000007d6000000,0x00000007d6000000,0x00000007d6200000)
 ParOldGen       total 175616K, used 175354K [0x0000000780000000, 0x000000078ab80000, 0x00000007d5580000)
  object space 175616K, 99% used [0x0000000780000000,0x000000078ab3eb50,0x000000078ab80000)
 Metaspace       used 69573K, committed 71040K, reserved 1114112K
  class space    used 7498K, committed 8128K, reserved 1048576K
}
Event: 149.558 GC heap after
{Heap after GC invocations=193 (full 3):
 PSYoungGen      total 9728K, used 1012K [0x00000007d5580000, 0x00000007d6100000, 0x0000000800000000)
  eden space 8704K, 0% used [0x00000007d5580000,0x00000007d5580000,0x00000007d5e00000)
  from space 1024K, 98% used [0x00000007d6000000,0x00000007d60fd200,0x00000007d6100000)
  to   space 1536K, 0% used [0x00000007d5e00000,0x00000007d5e00000,0x00000007d5f80000)
 ParOldGen       total 176128K, used 175874K [0x0000000780000000, 0x000000078ac00000, 0x00000007d5580000)
  object space 176128K, 99% used [0x0000000780000000,0x000000078abc0bc8,0x000000078ac00000)
 Metaspace       used 69573K, committed 71040K, reserved 1114112K
  class space    used 7498K, committed 8128K, reserved 1048576K
}
Event: 149.931 GC heap before
{Heap before GC invocations=194 (full 3):
 PSYoungGen      total 9728K, used 9716K [0x00000007d5580000, 0x00000007d6100000, 0x0000000800000000)
  eden space 8704K, 100% used [0x00000007d5580000,0x00000007d5e00000,0x00000007d5e00000)
  from space 1024K, 98% used [0x00000007d6000000,0x00000007d60fd200,0x00000007d6100000)
  to   space 1536K, 0% used [0x00000007d5e00000,0x00000007d5e00000,0x00000007d5f80000)
 ParOldGen       total 176128K, used 175874K [0x0000000780000000, 0x000000078ac00000, 0x00000007d5580000)
  object space 176128K, 99% used [0x0000000780000000,0x000000078abc0bc8,0x000000078ac00000)
 Metaspace       used 69616K, committed 71104K, reserved 1114112K
  class space    used 7501K, committed 8128K, reserved 1048576K
}
Event: 149.937 GC heap after
{Heap after GC invocations=194 (full 3):
 PSYoungGen      total 10240K, used 1514K [0x00000007d5580000, 0x00000007d6400000, 0x0000000800000000)
  eden space 8704K, 0% used [0x00000007d5580000,0x00000007d5580000,0x00000007d5e00000)
  from space 1536K, 98% used [0x00000007d5e00000,0x00000007d5f7aa70,0x00000007d5f80000)
  to   space 3072K, 0% used [0x00000007d6100000,0x00000007d6100000,0x00000007d6400000)
 ParOldGen       total 177152K, used 177081K [0x0000000780000000, 0x000000078ad00000, 0x00000007d5580000)
  object space 177152K, 99% used [0x0000000780000000,0x000000078acee458,0x000000078ad00000)
 Metaspace       used 69616K, committed 71104K, reserved 1114112K
  class space    used 7501K, committed 8128K, reserved 1048576K
}
Event: 150.232 GC heap before
{Heap before GC invocations=195 (full 3):
 PSYoungGen      total 10240K, used 10218K [0x00000007d5580000, 0x00000007d6400000, 0x0000000800000000)
  eden space 8704K, 100% used [0x00000007d5580000,0x00000007d5e00000,0x00000007d5e00000)
  from space 1536K, 98% used [0x00000007d5e00000,0x00000007d5f7aa70,0x00000007d5f80000)
  to   space 3072K, 0% used [0x00000007d6100000,0x00000007d6100000,0x00000007d6400000)
 ParOldGen       total 177152K, used 177081K [0x0000000780000000, 0x000000078ad00000, 0x00000007d5580000)
  object space 177152K, 99% used [0x0000000780000000,0x000000078acee458,0x000000078ad00000)
 Metaspace       used 69823K, committed 71296K, reserved 1114112K
  class space    used 7530K, committed 8192K, reserved 1048576K
}
Event: 150.250 GC heap after
{Heap after GC invocations=195 (full 3):
 PSYoungGen      total 9216K, used 3061K [0x00000007d5580000, 0x00000007d6900000, 0x0000000800000000)
  eden space 6144K, 0% used [0x00000007d5580000,0x00000007d5580000,0x00000007d5b80000)
  from space 3072K, 99% used [0x00000007d6100000,0x00000007d63fd7d0,0x00000007d6400000)
  to   space 5632K, 0% used [0x00000007d5b80000,0x00000007d5b80000,0x00000007d6100000)
 ParOldGen       total 179200K, used 179163K [0x0000000780000000, 0x000000078af00000, 0x00000007d5580000)
  object space 179200K, 99% used [0x0000000780000000,0x000000078aef6ec8,0x000000078af00000)
 Metaspace       used 69823K, committed 71296K, reserved 1114112K
  class space    used 7530K, committed 8192K, reserved 1048576K
}
Event: 150.537 GC heap before
{Heap before GC invocations=196 (full 3):
 PSYoungGen      total 9216K, used 9205K [0x00000007d5580000, 0x00000007d6900000, 0x0000000800000000)
  eden space 6144K, 99% used [0x00000007d5580000,0x00000007d5b7ff98,0x00000007d5b80000)
  from space 3072K, 99% used [0x00000007d6100000,0x00000007d63fd7d0,0x00000007d6400000)
  to   space 5632K, 0% used [0x00000007d5b80000,0x00000007d5b80000,0x00000007d6100000)
 ParOldGen       total 179200K, used 179163K [0x0000000780000000, 0x000000078af00000, 0x00000007d5580000)
  object space 179200K, 99% used [0x0000000780000000,0x000000078aef6ec8,0x000000078af00000)
 Metaspace       used 70190K, committed 71680K, reserved 1114112K
  class space    used 7573K, committed 8192K, reserved 1048576K
}
Event: 150.555 GC heap after
{Heap after GC invocations=196 (full 3):
 PSYoungGen      total 9728K, used 3187K [0x00000007d5580000, 0x00000007d6380000, 0x0000000800000000)
  eden space 6144K, 0% used [0x00000007d5580000,0x00000007d5580000,0x00000007d5b80000)
  from space 3584K, 88% used [0x00000007d5b80000,0x00000007d5e9cf70,0x00000007d5f00000)
  to   space 4096K, 0% used [0x00000007d5f80000,0x00000007d5f80000,0x00000007d6380000)
 ParOldGen       total 182272K, used 182233K [0x0000000780000000, 0x000000078b200000, 0x00000007d5580000)
  object space 182272K, 99% used [0x0000000780000000,0x000000078b1f6698,0x000000078b200000)
 Metaspace       used 70190K, committed 71680K, reserved 1114112K
  class space    used 7573K, committed 8192K, reserved 1048576K
}
Event: 150.805 GC heap before
{Heap before GC invocations=197 (full 3):
 PSYoungGen      total 9728K, used 9331K [0x00000007d5580000, 0x00000007d6380000, 0x0000000800000000)
  eden space 6144K, 100% used [0x00000007d5580000,0x00000007d5b80000,0x00000007d5b80000)
  from space 3584K, 88% used [0x00000007d5b80000,0x00000007d5e9cf70,0x00000007d5f00000)
  to   space 4096K, 0% used [0x00000007d5f80000,0x00000007d5f80000,0x00000007d6380000)
 ParOldGen       total 182272K, used 182233K [0x0000000780000000, 0x000000078b200000, 0x00000007d5580000)
  object space 182272K, 99% used [0x0000000780000000,0x000000078b1f6698,0x000000078b200000)
 Metaspace       used 70204K, committed 71680K, reserved 1114112K
  class space    used 7573K, committed 8192K, reserved 1048576K
}
Event: 150.810 GC heap after
{Heap after GC invocations=197 (full 3):
 PSYoungGen      total 9216K, used 2907K [0x00000007d5580000, 0x00000007d6280000, 0x0000000800000000)
  eden space 6144K, 0% used [0x00000007d5580000,0x00000007d5580000,0x00000007d5b80000)
  from space 3072K, 94% used [0x00000007d5f80000,0x00000007d6256de0,0x00000007d6280000)
  to   space 3584K, 0% used [0x00000007d5b80000,0x00000007d5b80000,0x00000007d5f00000)
 ParOldGen       total 185344K, used 185021K [0x0000000780000000, 0x000000078b500000, 0x00000007d5580000)
  object space 185344K, 99% used [0x0000000780000000,0x000000078b4af790,0x000000078b500000)
 Metaspace       used 70204K, committed 71680K, reserved 1114112K
  class space    used 7573K, committed 8192K, reserved 1048576K
}
Event: 151.297 GC heap before
{Heap before GC invocations=198 (full 3):
 PSYoungGen      total 9216K, used 9051K [0x00000007d5580000, 0x00000007d6280000, 0x0000000800000000)
  eden space 6144K, 99% used [0x00000007d5580000,0x00000007d5b7fff0,0x00000007d5b80000)
  from space 3072K, 94% used [0x00000007d5f80000,0x00000007d6256de0,0x00000007d6280000)
  to   space 3584K, 0% used [0x00000007d5b80000,0x00000007d5b80000,0x00000007d5f00000)
 ParOldGen       total 185344K, used 185021K [0x0000000780000000, 0x000000078b500000, 0x00000007d5580000)
  object space 185344K, 99% used [0x0000000780000000,0x000000078b4af790,0x000000078b500000)
 Metaspace       used 70668K, committed 72192K, reserved 1114112K
  class space    used 7604K, committed 8256K, reserved 1048576K
}
Event: 151.308 GC heap after
{Heap after GC invocations=198 (full 3):
 PSYoungGen      total 6656K, used 388K [0x00000007d5580000, 0x00000007d6000000, 0x0000000800000000)
  eden space 6144K, 0% used [0x00000007d5580000,0x00000007d5580000,0x00000007d5b80000)
  from space 512K, 75% used [0x00000007d5b80000,0x00000007d5be1210,0x00000007d5c00000)
  to   space 1536K, 0% used [0x00000007d5e80000,0x00000007d5e80000,0x00000007d6000000)
 ParOldGen       total 187392K, used 187201K [0x0000000780000000, 0x000000078b700000, 0x00000007d5580000)
  object space 187392K, 99% used [0x0000000780000000,0x000000078b6d07a0,0x000000078b700000)
 Metaspace       used 70668K, committed 72192K, reserved 1114112K
  class space    used 7604K, committed 8256K, reserved 1048576K
}
Event: 152.272 GC heap before
{Heap before GC invocations=199 (full 3):
 PSYoungGen      total 6656K, used 6532K [0x00000007d5580000, 0x00000007d6000000, 0x0000000800000000)
  eden space 6144K, 100% used [0x00000007d5580000,0x00000007d5b80000,0x00000007d5b80000)
  from space 512K, 75% used [0x00000007d5b80000,0x00000007d5be1210,0x00000007d5c00000)
  to   space 1536K, 0% used [0x00000007d5e80000,0x00000007d5e80000,0x00000007d6000000)
 ParOldGen       total 187392K, used 187201K [0x0000000780000000, 0x000000078b700000, 0x00000007d5580000)
  object space 187392K, 99% used [0x0000000780000000,0x000000078b6d07a0,0x000000078b700000)
 Metaspace       used 71318K, committed 72832K, reserved 1114112K
  class space    used 7673K, committed 8320K, reserved 1048576K
}
Event: 152.275 GC heap after
{Heap after GC invocations=199 (full 3):
 PSYoungGen      total 6656K, used 384K [0x00000007d5580000, 0x00000007d5f00000, 0x0000000800000000)
  eden space 6144K, 0% used [0x00000007d5580000,0x00000007d5580000,0x00000007d5b80000)
  from space 512K, 75% used [0x00000007d5e80000,0x00000007d5ee0000,0x00000007d5f00000)
  to   space 1024K, 0% used [0x00000007d5d00000,0x00000007d5d00000,0x00000007d5e00000)
 ParOldGen       total 187392K, used 187249K [0x0000000780000000, 0x000000078b700000, 0x00000007d5580000)
  object space 187392K, 99% used [0x0000000780000000,0x000000078b6dc7a0,0x000000078b700000)
 Metaspace       used 71318K, committed 72832K, reserved 1114112K
  class space    used 7673K, committed 8320K, reserved 1048576K
}

